<?xml version="1.0" encoding="UTF-8"?>
<!-- Generated by org.testng.reporters.JUnitReportReporter -->
<testsuite hostname="Js-MacBook-Air.local" failures="0" tests="1" name="com.parabank.pages.RegisterPageTest" time="2.257" errors="0" timestamp="2023-01-30T00:44:55 CET" skipped="0">
  <testcase classname="com.parabank.pages.RegisterPageTest" name="testRegister" time="2.257"/>
  <system-out/>
</testsuite> <!-- com.parabank.pages.RegisterPageTest -->
