<?xml version="1.0" encoding="UTF-8"?>
<!-- Generated by org.testng.reporters.JUnitReportReporter -->
<testsuite hostname="Js-MacBook-Air.local" failures="0" tests="3" name="com.parabank.pages.HomePageTest" time="0.093" errors="0" timestamp="2023-01-30T00:44:55 CET" skipped="0">
  <testcase classname="com.parabank.pages.HomePageTest" name="testIsLogoDisplayed" time="0.048"/>
  <system-out/>
  <testcase classname="com.parabank.pages.HomePageTest" name="testGetTitle" time="0.014"/>
  <system-out/>
  <testcase classname="com.parabank.pages.HomePageTest" name="testIsLoginButtonEnabled" time="0.031"/>
  <system-out/>
</testsuite> <!-- com.parabank.pages.HomePageTest -->
