<?xml version="1.0" encoding="UTF-8"?>
<!-- Generated by org.testng.reporters.JUnitReportReporter -->
<testsuite hostname="Js-MacBook-Air.local" failures="0" tests="2" name="com.parabank.pages.LoginPageTest" time="10.397" errors="0" timestamp="2023-01-30T00:44:55 CET" skipped="0">
  <testcase classname="com.parabank.pages.LoginPageTest" name="testSuccessfulLogin" time="4.974"/>
  <system-out/>
  <testcase classname="com.parabank.pages.LoginPageTest" name="testFailedLogin" time="5.423"/>
  <system-out/>
</testsuite> <!-- com.parabank.pages.LoginPageTest -->
